[handleMsg]:  {
  key: {
    remoteJid: '5219994072207@s.whatsapp.net',
    fromMe: false,
    id: '3A57580093A0E46E583E',
    participant: undefined
  },
  messageTimestamp: 1708916633,
  pushName: 'Eduardo',
  broadcast: false,
  message: Message {
    conversation: 'Hola',
    messageContextInfo: MessageContextInfo {
      deviceListMetadata: [DeviceListMetadata],
      deviceListMetadataVersion: 2
    }
  },
  verifiedBizName: 'Eduardo',
  body: 'Hola',
  from: '5219994072207'
}
[QUEUE_SE_ENVIO]:  {
  ref: 'ans_68b2ea0e-c0dd-469b-a517-e29381ce5523',
  keyword: 'key_b2a02532-86b0-4d19-8a53-642885956d66',
  answer: '¡Buenas noches! Bienvenido a la pastelería "La Condesa"',
  options: {
    media: null,
    buttons: [],
    capture: false,
    child: null,
    delay: 0,
    idle: null,
    ref: null,
    nested: [],
    keyword: {},
    callback: false
  },
  refSerialize: '777a5283ae0d230e95c5a057bf6a6215'
}
[QUEUE_SE_ENVIO]:  {
  ref: 'ans_289fafa2-6529-4051-bd21-b57425730b1d',
  keyword: 'ans_68b2ea0e-c0dd-469b-a517-e29381ce5523',
  answer: 'Escribe la palabra del servicio que te gustaría conocer:\n' +
    '👉 *ventas* para conocer nuestros productos\n' +
    '👉 *pedidos* para ver el estado de tu pedido\n' +
    '👉 *cancelar* para terminar la conversación en cualquier momento\n' +
    '👉 *dudas* para saber quiénes somos y tengo dudas',
  options: {
    media: null,
    buttons: [],
    capture: true,
    child: null,
    delay: 3000,
    idle: null,
    ref: null,
    nested: [
      [Object], [Object],
      [Object], [Object],
      [Object], [Object],
      [Object], [Object],
      [Object]
    ],
    keyword: {},
    callback: false
  },
  refSerialize: 'fcecefcf09e191664107f1ab89ab0802'
}
